# JRE version: Java(TM) SE Runtime Environment (8.0-b132) (build 1.8.0-b132)
# Java VM: Java HotSpot(TM) 64-Bit Server VM (25.0-b70 mixed mode windows-amd64 compressed oops)
Heap:
 PSYoungGen      total 57344K, used 4740K [0x00000000e0300000, 0x00000000e5600000, 0x0000000100000000)
  eden space 54784K, 4% used [0x00000000e0300000,0x00000000e0524a98,0x00000000e3880000)
  from space 2560K, 99% used [0x00000000e3880000,0x00000000e3afc730,0x00000000e3b00000)
  to   space 4096K, 0% used [0x00000000e5200000,0x00000000e5200000,0x00000000e5600000)
 ParOldGen       total 96768K, used 8058K [0x00000000a0800000, 0x00000000a6680000, 0x00000000e0300000)
  object space 96768K, 8% used [0x00000000a0800000,0x00000000a0fde980,0x00000000a6680000)
 Metaspace       used 20732K, capacity 21014K, committed 21248K, reserved 1067008K
  class space    used 2634K, capacity 2693K, committed 2816K, reserved 1048576K
GC Heap History (10 events):
Event: 3.215 GC heap before
{Heap before GC invocations=17 (full 0):
 PSYoungGen      total 30208K, used 28608K [0x00000000e0300000, 0x00000000e2280000, 0x0000000100000000)
  eden space 28160K, 100% used [0x00000000e0300000,0x00000000e1e80000,0x00000000e1e80000)
  from space 2048K, 21% used [0x00000000e2080000,0x00000000e20f0000,0x00000000e2280000)
  to   space 2048K, 0% used [0x00000000e1e80000,0x00000000e1e80000,0x00000000e2080000)
 ParOldGen       total 96768K, used 4199K [0x00000000a0800000, 0x00000000a6680000, 0x00000000e0300000)
  object space 96768K, 4% used [0x00000000a0800000,0x00000000a0c19d90,0x00000000a6680000)
 Metaspace       used 13744K, capacity 13986K, committed 14208K, reserved 1060864K
  class space    used 1767K, capacity 1831K, committed 1920K, reserved 1048576K
Event: 3.218 GC heap after
Heap after GC invocations=17 (full 0):
 PSYoungGen      total 30208K, used 64K [0x00000000e0300000, 0x00000000e2d80000, 0x0000000100000000)
  eden space 28160K, 0% used [0x00000000e0300000,0x00000000e0300000,0x00000000e1e80000)
  from space 2048K, 3% used [0x00000000e1e80000,0x00000000e1e90000,0x00000000e2080000)
  to   space 2048K, 0% used [0x00000000e2b80000,0x00000000e2b80000,0x00000000e2d80000)
 ParOldGen       total 96768K, used 4479K [0x00000000a0800000, 0x00000000a6680000, 0x00000000e0300000)
  object space 96768K, 4% used [0x00000000a0800000,0x00000000a0c5fd90,0x00000000a6680000)
 Metaspace       used 13744K, capacity 13986K, committed 14208K, reserved 1060864K
  class space    used 1767K, capacity 1831K, committed 1920K, reserved 1048576K
}
Event: 3.468 GC heap before
{Heap before GC invocations=18 (full 0):
 PSYoungGen      total 30208K, used 28224K [0x00000000e0300000, 0x00000000e2d80000, 0x0000000100000000)
  eden space 28160K, 100% used [0x00000000e0300000,0x00000000e1e80000,0x00000000e1e80000)
  from space 2048K, 3% used [0x00000000e1e80000,0x00000000e1e90000,0x00000000e2080000)
  to   space 2048K, 0% used [0x00000000e2b80000,0x00000000e2b80000,0x00000000e2d80000)
 ParOldGen       total 96768K, used 4479K [0x00000000a0800000, 0x00000000a6680000, 0x00000000e0300000)
  object space 96768K, 4% used [0x00000000a0800000,0x00000000a0c5fd90,0x00000000a6680000)
 Metaspace       used 14357K, capacity 14562K, committed 14720K, reserved 1062912K
  class space    used 1862K, capacity 1895K, committed 1920K, reserved 1048576K
Event: 3.475 GC heap after
Heap after GC invocations=18 (full 0):
 PSYoungGen      total 41472K, used 896K [0x00000000e0300000, 0x00000000e2d80000, 0x0000000100000000)
  eden space 39424K, 0% used [0x00000000e0300000,0x00000000e0300000,0x00000000e2980000)
  from space 2048K, 43% used [0x00000000e2b80000,0x00000000e2c603a8,0x00000000e2d80000)
  to   space 2048K, 0% used [0x00000000e2980000,0x00000000e2980000,0x00000000e2b80000)
 ParOldGen       total 96768K, used 4487K [0x00000000a0800000, 0x00000000a6680000, 0x00000000e0300000)
  object space 96768K, 4% used [0x00000000a0800000,0x00000000a0c61d90,0x00000000a6680000)
 Metaspace       used 14357K, capacity 14562K, committed 14720K, reserved 1062912K
  class space    used 1862K, capacity 1895K, committed 1920K, reserved 1048576K
}
Event: 4.093 GC heap before
{Heap before GC invocations=19 (full 0):
 PSYoungGen      total 41472K, used 40320K [0x00000000e0300000, 0x00000000e2d80000, 0x0000000100000000)
  eden space 39424K, 100% used [0x00000000e0300000,0x00000000e2980000,0x00000000e2980000)
  from space 2048K, 43% used [0x00000000e2b80000,0x00000000e2c603a8,0x00000000e2d80000)
  to   space 2048K, 0% used [0x00000000e2980000,0x00000000e2980000,0x00000000e2b80000)
 ParOldGen       total 96768K, used 4487K [0x00000000a0800000, 0x00000000a6680000, 0x00000000e0300000)
  object space 96768K, 4% used [0x00000000a0800000,0x00000000a0c61d90,0x00000000a6680000)
 Metaspace       used 15260K, capacity 15494K, committed 15616K, reserved 1062912K
  class space    used 1984K, capacity 2029K, committed 2048K, reserved 1048576K
Event: 4.101 GC heap after
Heap after GC invocations=19 (full 0):
 PSYoungGen      total 41472K, used 1547K [0x00000000e0300000, 0x00000000e3d00000, 0x0000000100000000)
  eden space 39424K, 0% used [0x00000000e0300000,0x00000000e0300000,0x00000000e2980000)
  from space 2048K, 75% used [0x00000000e2980000,0x00000000e2b02c70,0x00000000e2b80000)
  to   space 2048K, 0% used [0x00000000e3b00000,0x00000000e3b00000,0x00000000e3d00000)
 ParOldGen       total 96768K, used 4687K [0x00000000a0800000, 0x00000000a6680000, 0x00000000e0300000)
  object space 96768K, 4% used [0x00000000a0800000,0x00000000a0c93d90,0x00000000a6680000)
 Metaspace       used 15260K, capacity 15494K, committed 15616K, reserved 1062912K
  class space    used 1984K, capacity 2029K, committed 2048K, reserved 1048576K
}
Event: 4.921 GC heap before
{Heap before GC invocations=20 (full 0):
 PSYoungGen      total 41472K, used 40971K [0x00000000e0300000, 0x00000000e3d00000, 0x0000000100000000)
  eden space 39424K, 100% used [0x00000000e0300000,0x00000000e2980000,0x00000000e2980000)
  from space 2048K, 75% used [0x00000000e2980000,0x00000000e2b02c70,0x00000000e2b80000)
  to   space 2048K, 0% used [0x00000000e3b00000,0x00000000e3b00000,0x00000000e3d00000)
 ParOldGen       total 96768K, used 4687K [0x00000000a0800000, 0x00000000a6680000, 0x00000000e0300000)
  object space 96768K, 4% used [0x00000000a0800000,0x00000000a0c93d90,0x00000000a6680000)
 Metaspace       used 17010K, capacity 17234K, committed 17408K, reserved 1064960K
  class space    used 2183K, capacity 2223K, committed 2304K, reserved 1048576K
Event: 4.950 GC heap after
Heap after GC invocations=20 (full 0):
 PSYoungGen      total 56832K, used 1825K [0x00000000e0300000, 0x00000000e3e00000, 0x0000000100000000)
  eden space 54784K, 0% used [0x00000000e0300000,0x00000000e0300000,0x00000000e3880000)
  from space 2048K, 89% used [0x00000000e3b00000,0x00000000e3cc8530,0x00000000e3d00000)
  to   space 2560K, 0% used [0x00000000e3880000,0x00000000e3880000,0x00000000e3b00000)
 ParOldGen       total 96768K, used 5265K [0x00000000a0800000, 0x00000000a6680000, 0x00000000e0300000)
  object space 96768K, 5% used [0x00000000a0800000,0x00000000a0d245c0,0x00000000a6680000)
 Metaspace       used 17010K, capacity 17234K, committed 17408K, reserved 1064960K
  class space    used 2183K, capacity 2223K, committed 2304K, reserved 1048576K
}
Event: 5.960 GC heap before
{Heap before GC invocations=21 (full 0):
 PSYoungGen      total 56832K, used 56609K [0x00000000e0300000, 0x00000000e3e00000, 0x0000000100000000)
  eden space 54784K, 100% used [0x00000000e0300000,0x00000000e3880000,0x00000000e3880000)
  from space 2048K, 89% used [0x00000000e3b00000,0x00000000e3cc8530,0x00000000e3d00000)
  to   space 2560K, 0% used [0x00000000e3880000,0x00000000e3880000,0x00000000e3b00000)
 ParOldGen       total 96768K, used 5265K [0x00000000a0800000, 0x00000000a6680000, 0x00000000e0300000)
  object space 96768K, 5% used [0x00000000a0800000,0x00000000a0d245c0,0x00000000a6680000)
 Metaspace       used 20583K, capacity 20854K, committed 21120K, reserved 1067008K
  class space    used 2614K, capacity 2661K, committed 2688K, reserved 1048576K
Event: 5.981 GC heap after
Heap after GC invocations=21 (full 0):
 PSYoungGen      total 57344K, used 2545K [0x00000000e0300000, 0x00000000e5600000, 0x0000000100000000)
  eden space 54784K, 0% used [0x00000000e0300000,0x00000000e0300000,0x00000000e3880000)
  from space 2560K, 99% used [0x00000000e3880000,0x00000000e3afc730,0x00000000e3b00000)
  to   space 4096K, 0% used [0x00000000e5200000,0x00000000e5200000,0x00000000e5600000)
 ParOldGen       total 96768K, used 8058K [0x00000000a0800000, 0x00000000a6680000, 0x00000000e0300000)
  object space 96768K, 8% used [0x00000000a0800000,0x00000000a0fde980,0x00000000a6680000)
 Metaspace       used 20583K, capacity 20854K, committed 21120K, reserved 1067008K
  class space    used 2614K, capacity 2661K, committed 2688K, reserved 1048576K
}

